src\dao\AdminDAO.java:181: error: constructor User in class User cannot be applied to given types;
                User user = new User();
                            ^
  required: int,String,String
  found:    no arguments
  reason: actual and formal argument lists differ in length
src\dao\AdminDAO.java:182: error: cannot find symbol
                user.setUserId(rs.getInt("user_id"));
                    ^
  symbol:   method setUserId(int)
  location: variable user of type User
src\dao\AdminDAO.java:183: error: cannot find symbol
                user.setUsername(rs.getString("username"));
                    ^
  symbol:   method setUsername(String)
  location: variable user of type User
src\dao\AdminDAO.java:184: error: cannot find symbol
                user.setPassword(rs.getString("password"));
                    ^
  symbol:   method setPassword(String)
  location: variable user of type User
src\dao\AdminDAO.java:185: error: cannot find symbol
                user.setRole(rs.getString("role"));
                    ^
  symbol:   method setRole(String)
  location: variable user of type User
src\dao\AdminDAO.java:205: error: constructor Course in class Course cannot be applied to given types;
                Course course = new Course();
                                ^
  required: int,String,String
  found:    no arguments
  reason: actual and formal argument lists differ in length
src\dao\AdminDAO.java:206: error: cannot find symbol
                course.setCourseId(rs.getInt("course_id"));
                      ^
  symbol:   method setCourseId(int)
  location: variable course of type Course
src\dao\AdminDAO.java:207: error: cannot find symbol
                course.setCourseName(rs.getString("course_name"));
                      ^
  symbol:   method setCourseName(String)
  location: variable course of type Course
src\dao\AdminDAO.java:208: error: cannot find symbol
                course.setDescription(rs.getString("description"));
                      ^
  symbol:   method setDescription(String)
  location: variable course of type Course
src\dao\AdminDAO.java:331: error: constructor User in class User cannot be applied to given types;
                User user = new User();
                            ^
  required: int,String,String
  found:    no arguments
  reason: actual and formal argument lists differ in length
src\dao\AdminDAO.java:332: error: cannot find symbol
                user.setUserId(rs.getInt("user_id"));
                    ^
  symbol:   method setUserId(int)
  location: variable user of type User
src\dao\AdminDAO.java:333: error: cannot find symbol
                user.setUsername(rs.getString("username"));
                    ^
  symbol:   method setUsername(String)
  location: variable user of type User
src\dao\AdminDAO.java:334: error: cannot find symbol
                user.setPassword(rs.getString("password"));
                    ^
  symbol:   method setPassword(String)
  location: variable user of type User
src\dao\AdminDAO.java:335: error: cannot find symbol
                user.setRole(rs.getString("role"));
                    ^
  symbol:   method setRole(String)
  location: variable user of type User
src\dao\AdminDAO.java:355: error: constructor User in class User cannot be applied to given types;
                User user = new User();
                            ^
  required: int,String,String
  found:    no arguments
  reason: actual and formal argument lists differ in length
src\dao\AdminDAO.java:356: error: cannot find symbol
                user.setUserId(rs.getInt("user_id"));
                    ^
  symbol:   method setUserId(int)
  location: variable user of type User
src\dao\AdminDAO.java:357: error: cannot find symbol
                user.setUsername(rs.getString("username"));
                    ^
  symbol:   method setUsername(String)
  location: variable user of type User
src\dao\AdminDAO.java:358: error: cannot find symbol
                user.setPassword(rs.getString("password"));
                    ^
  symbol:   method setPassword(String)
  location: variable user of type User
src\dao\AdminDAO.java:359: error: cannot find symbol
                user.setRole(rs.getString("role"));
                    ^
  symbol:   method setRole(String)
  location: variable user of type User
src\dao\AdminDAO.java:388: error: constructor User in class User cannot be applied to given types;
                    User user = new User();
                                ^
  required: int,String,String
  found:    no arguments
  reason: actual and formal argument lists differ in length
src\dao\AdminDAO.java:389: error: cannot find symbol
                    user.setUserId(rs.getInt("user_id"));
                        ^
  symbol:   method setUserId(int)
  location: variable user of type User
src\dao\AdminDAO.java:390: error: cannot find symbol
                    user.setUsername(rs.getString("username"));
                        ^
  symbol:   method setUsername(String)
  location: variable user of type User
src\dao\AdminDAO.java:391: error: cannot find symbol
                    user.setPassword(rs.getString("password"));
                        ^
  symbol:   method setPassword(String)
  location: variable user of type User
src\dao\AdminDAO.java:392: error: cannot find symbol
                    user.setRole(rs.getString("role"));
                        ^
  symbol:   method setRole(String)
  location: variable user of type User
src\dao\AdminDAO.java:422: error: constructor User in class User cannot be applied to given types;
                    User user = new User();
                                ^
  required: int,String,String
  found:    no arguments
  reason: actual and formal argument lists differ in length
src\dao\AdminDAO.java:423: error: cannot find symbol
                    user.setUserId(rs.getInt("user_id"));
                        ^
  symbol:   method setUserId(int)
  location: variable user of type User
src\dao\AdminDAO.java:424: error: cannot find symbol
                    user.setUsername(rs.getString("username"));
                        ^
  symbol:   method setUsername(String)
  location: variable user of type User
src\dao\AdminDAO.java:425: error: cannot find symbol
                    user.setPassword(rs.getString("password"));
                        ^
  symbol:   method setPassword(String)
  location: variable user of type User
src\dao\AdminDAO.java:426: error: cannot find symbol
                    user.setRole(rs.getString("role"));
                        ^
  symbol:   method setRole(String)
  location: variable user of type User
src\dao\TeacherDAO.java:39: error: constructor Course in class Course cannot be applied to given types;
                    Course course = new Course();
                                    ^
  required: int,String,String
  found:    no arguments
  reason: actual and formal argument lists differ in length
src\dao\TeacherDAO.java:40: error: cannot find symbol
                    course.setCourseId(rs.getInt("course_id"));
                          ^
  symbol:   method setCourseId(int)
  location: variable course of type Course
src\dao\TeacherDAO.java:41: error: cannot find symbol
                    course.setCourseName(rs.getString("course_name"));
                          ^
  symbol:   method setCourseName(String)
  location: variable course of type Course
src\dao\TeacherDAO.java:42: error: cannot find symbol
                    course.setDescription(rs.getString("description"));
                          ^
  symbol:   method setDescription(String)
  location: variable course of type Course
src\dao\TeacherDAO.java:122: error: no suitable constructor found for Exam(no arguments)
                    Exam exam = new Exam();
                                ^
    constructor Exam.Exam(int,int,String) is not applicable
      (actual and formal argument lists differ in length)
    constructor Exam.Exam(int,int,String,int) is not applicable
      (actual and formal argument lists differ in length)
    constructor Exam.Exam(int,int,String,LocalDateTime,int,int,int) is not applicable
      (actual and formal argument lists differ in length)
src\dao\TeacherDAO.java:123: error: cannot find symbol
                    exam.setExamId(rs.getInt("exam_id"));
                        ^
  symbol:   method setExamId(int)
  location: variable exam of type Exam
src\dao\TeacherDAO.java:124: error: cannot find symbol
                    exam.setCourseId(rs.getInt("course_id"));
                        ^
  symbol:   method setCourseId(int)
  location: variable exam of type Exam
src\dao\TeacherDAO.java:125: error: cannot find symbol
                    exam.setTitle(rs.getString("title"));
                        ^
  symbol:   method setTitle(String)
  location: variable exam of type Exam
src\dao\TeacherDAO.java:154: error: no suitable constructor found for Exam(no arguments)
                    Exam exam = new Exam();
                                ^
    constructor Exam.Exam(int,int,String) is not applicable
      (actual and formal argument lists differ in length)
    constructor Exam.Exam(int,int,String,int) is not applicable
      (actual and formal argument lists differ in length)
    constructor Exam.Exam(int,int,String,LocalDateTime,int,int,int) is not applicable
      (actual and formal argument lists differ in length)
src\dao\TeacherDAO.java:155: error: cannot find symbol
                    exam.setExamId(rs.getInt("exam_id"));
                        ^
  symbol:   method setExamId(int)
  location: variable exam of type Exam
src\dao\TeacherDAO.java:156: error: cannot find symbol
                    exam.setCourseId(rs.getInt("course_id"));
                        ^
  symbol:   method setCourseId(int)
  location: variable exam of type Exam
src\dao\TeacherDAO.java:157: error: cannot find symbol
                    exam.setTitle(rs.getString("title"));
                        ^
  symbol:   method setTitle(String)
  location: variable exam of type Exam
src\dao\TeacherDAO.java:227: error: constructor Question in class Question cannot be applied to given types;
                    Question question = new Question();
                                        ^
  required: int,String,String,String,String,String
  found:    no arguments
  reason: actual and formal argument lists differ in length
src\dao\TeacherDAO.java:228: error: cannot find symbol
                    question.setQuestionId(rs.getInt("question_id"));
                            ^
  symbol:   method setQuestionId(int)
  location: variable question of type Question
src\dao\TeacherDAO.java:229: error: cannot find symbol
                    question.setExamId(rs.getInt("exam_id"));
                            ^
  symbol:   method setExamId(int)
  location: variable question of type Question
src\dao\TeacherDAO.java:230: error: cannot find symbol
                    question.setQuestionText(rs.getString("question_text"));
                            ^
  symbol:   method setQuestionText(String)
  location: variable question of type Question
src\dao\TeacherDAO.java:231: error: cannot find symbol
                    question.setOptionA(rs.getString("option_a"));
                            ^
  symbol:   method setOptionA(String)
  location: variable question of type Question
src\dao\TeacherDAO.java:232: error: cannot find symbol
                    question.setOptionB(rs.getString("option_b"));
                            ^
  symbol:   method setOptionB(String)
  location: variable question of type Question
src\dao\TeacherDAO.java:233: error: cannot find symbol
                    question.setOptionC(rs.getString("option_c"));
                            ^
  symbol:   method setOptionC(String)
  location: variable question of type Question
src\dao\TeacherDAO.java:234: error: cannot find symbol
                    question.setOptionD(rs.getString("option_d"));
                            ^
  symbol:   method setOptionD(String)
  location: variable question of type Question
src\dao\TeacherDAO.java:237: error: cannot find symbol
                    question.setQuestionOrder(rs.getInt("question_order"));
                            ^
  symbol:   method setQuestionOrder(int)
  location: variable question of type Question
src\handler\AdminHandler.java:25: error: incompatible types: List<Map<String,Object>> cannot be converted to List<String>
                List<String> results = service.getAllResults();
                                                            ^
src\handler\AdminHandler.java:57: error: cannot find symbol
                service.addQuestion(examId, q, a, b, c, d, correct, marks);
                       ^
  symbol:   method addQuestion(int,String,String,String,String,String,String,int)
  location: variable service of type AdminService
src\TestDB.java:8: error: method startExam in class ApiClient cannot be applied to given types;
            String response = ApiClient.startExam(examId, studentId);
                                       ^
  required: int
  found:    int,int
  reason: actual and formal argument lists differ in length
Note: Some input files use or override a deprecated API.
Note: Recompile with -Xlint:deprecation for details.
53 errors
